<?xml version="1.0" encoding="UTF-8"?>
<testsuite xmlns:xsi="http://www.w3.org/2001/XMLSchema-instance" xsi:noNamespaceSchemaLocation="https://maven.apache.org/surefire/maven-surefire-plugin/xsd/surefire-test-report-3.0.xsd" version="3.0" name="com.upskillJ.c03.firstClass.examples.MyFirstTest" time="0.092" tests="4" errors="0" skipped="0" failures="0">
  <properties>
[...]
</properties>
  <testcase name="canSubtractTwoMinusTwo" classname="com.upskillJ.c03.firstClass.examples.MyFirstTest" time="0.048"/>
  <testcase name="canDivideTwoByTwo" classname="com.upskillJ.c03.firstClass.examples.MyFirstTest" time="0.009"/>
  <testcase name="canMultiplyTwoAndTwo" classname="com.upskillJ.c03.firstClass.examples.MyFirstTest" time="0.001"/>
  <testcase name="canAddTwoPlusTwo" classname="com.upskillJ.c03.firstClass.examples.MyFirstTest" time="0.001"/>
</testsuite>